<?xml version="1.0" encoding="UTF-8"?>
<!-- Generated by org.testng.reporters.JUnitXMLReporter -->
<testsuite hostname="DESKTOP-4DTUBVT" ignored="0" name="Test" tests="30" failures="0" timestamp="22 Mar 2020 20:11:53 GMT" time="392.673" errors="0">
  <testcase name="SandBox" time="0.153" classname="tests.RegistrationTest"/>
  <testcase name="Register_ValidUserValidPass" time="7.661" classname="tests.RegistrationTest"/>
  <testcase name="SetPassword" time="50.902" classname="tests.RegistrationTest"/>
  <testcase name="login_ValidUserValidPass" time="10.571" classname="tests.CreateProject_TestScenario1"/>
  <testcase name="NewProject" time="27.881" classname="tests.CreateProject_TestScenario1"/>
  <testcase name="ProjectName" time="0.259" classname="tests.CreateProject_TestScenario1"/>
  <testcase name="UserStory" time="14.294" classname="tests.CreateProject_TestScenario1"/>
  <testcase name="logout" time="1.379" classname="tests.CreateProject_TestScenario1"/>
  <testcase name="login_ValidUserValidPass" time="17.58" classname="tests.CreateXrayProject_TestScenario2"/>
  <testcase name="CreateXrayProject" time="15.849" classname="tests.CreateXrayProject_TestScenario2"/>
  <testcase name="ProjectName" time="2.363" classname="tests.CreateXrayProject_TestScenario2"/>
  <testcase name="UserStory" time="9.428" classname="tests.CreateXrayProject_TestScenario2"/>
  <testcase name="logout" time="1.24" classname="tests.CreateXrayProject_TestScenario2"/>
  <testcase name="New_Registration" time="44.329" classname="tests.CreateXrayProject_TestScenario3"/>
  <testcase name="login_ValidUserValidPass" time="8.521" classname="tests.CreateXrayProject_TestScenario3"/>
  <testcase name="CreateXrayProject" time="15.985" classname="tests.CreateXrayProject_TestScenario3"/>
  <testcase name="ProjectName" time="0.335" classname="tests.CreateXrayProject_TestScenario3"/>
  <testcase name="UserStory" time="5.933" classname="tests.CreateXrayProject_TestScenario3"/>
  <testcase name="logout" time="1.603" classname="tests.CreateXrayProject_TestScenario3"/>
  <testcase name="login_ValidUserValidPass" time="15.244" classname="tests.CreateProject_TestScenario4"/>
  <testcase name="NewProject" time="22.322" classname="tests.CreateProject_TestScenario4"/>
  <testcase name="ProjectName" time="0.274" classname="tests.CreateProject_TestScenario4"/>
  <testcase name="UserStory" time="6.038" classname="tests.CreateProject_TestScenario4"/>
  <testcase name="logout" time="1.582" classname="tests.CreateProject_TestScenario4"/>
  <testcase name="New_Registration" time="45.182" classname="tests.CreateXrayProject_TestScenario5"/>
  <testcase name="login_ValidUserValidPass" time="8.508" classname="tests.CreateXrayProject_TestScenario5"/>
  <testcase name="CreateXrayProject" time="15.987" classname="tests.CreateXrayProject_TestScenario5"/>
  <testcase name="ProjectName" time="2.33" classname="tests.CreateXrayProject_TestScenario5"/>
  <testcase name="UserStory" time="4.992" classname="tests.CreateXrayProject_TestScenario5"/>
  <testcase name="logout" time="1.391" classname="tests.CreateXrayProject_TestScenario5"/>
</testsuite> <!-- Test -->
